Using pre-set license
Built from '2020.3/staging' branch; Version is '2020.3.13f1 (71691879b7f5) revision 7432472'; Using compiler version '192528614'; Build Type 'Release'
OS: 'Windows 10 Pro; OS build 19042.1083; Version 2009; 64bit' Language: 'fr' Physical Memory: 16322 MB
BatchMode: 1, IsHumanControllingUs: 0, StartBugReporterOnCrash: 0, Is64bit: 1, IsPro: 0

 COMMAND LINE ARGUMENTS:
C:\Program Files\Unity\Hub\Editor\2020.3.13f1\Editor\Unity.exe
-adb2
-batchMode
-noUpm
-name
AssetImportWorker0
-projectPath
G:/Dev/PROJET AR
-logFile
Logs/AssetImportWorker0.log
-srvPort
23253
Successfully changed project path to: G:/Dev/PROJET AR
G:/Dev/PROJET AR
Using Asset Import Pipeline V2.
Refreshing native plugins compatible for Editor in 34.36 ms, found 2 plugins.
Preloading 0 native plugins for Editor in 0.00 ms.
Initialize engine version: 2020.3.13f1 (71691879b7f5)
[Subsystems] Discovering subsystems at path C:/Program Files/Unity/Hub/Editor/2020.3.13f1/Editor/Data/Resources/UnitySubsystems
[Subsystems] Discovering subsystems at path G:/Dev/PROJET AR/Assets
GfxDevice: creating device client; threaded=0
Direct3D:
    Version:  Direct3D 11.0 [level 11.1]
    Renderer: NVIDIA GeForce GTX 1080 (ID=0x1b80)
    Vendor:   
    VRAM:     8079 MB
    Driver:   30.0.14.7111
Initialize mono
Mono path[0] = 'C:/Program Files/Unity/Hub/Editor/2020.3.13f1/Editor/Data/Managed'
Mono path[1] = 'C:/Program Files/Unity/Hub/Editor/2020.3.13f1/Editor/Data/MonoBleedingEdge/lib/mono/unityjit'
Mono config path = 'C:/Program Files/Unity/Hub/Editor/2020.3.13f1/Editor/Data/MonoBleedingEdge/etc'
Using monoOptions --debugger-agent=transport=dt_socket,embedding=1,server=y,suspend=n,address=127.0.0.1:56696
Begin MonoManager ReloadAssembly
Registering precompiled unity dll's ...
Register platform support module: C:/Program Files/Unity/Hub/Editor/2020.3.13f1/Editor/Data/PlaybackEngines/WebGLSupport/UnityEditor.WebGL.Extensions.dll
Register platform support module: C:/Program Files/Unity/Hub/Editor/2020.3.13f1/Editor/Data/PlaybackEngines/WindowsStandaloneSupport/UnityEditor.WindowsStandalone.Extensions.dll
Registered in 0.002193 seconds.
Native extension for WindowsStandalone target not found
Native extension for WebGL target not found
Refreshing native plugins compatible for Editor in 29.30 ms, found 2 plugins.
Preloading 0 native plugins for Editor in 0.00 ms.
Mono: successfully reloaded assembly
- Completed reload, in  1.850 seconds
Platform modules already initialized, skipping
Registering precompiled user dll's ...
Registered in 0.002770 seconds.
Begin MonoManager ReloadAssembly
Native extension for WindowsStandalone target not found
Native extension for WebGL target not found
Refreshing native plugins compatible for Editor in 0.32 ms, found 2 plugins.
Preloading 0 native plugins for Editor in 0.00 ms.
Mono: successfully reloaded assembly
- Completed reload, in  1.054 seconds
Platform modules already initialized, skipping
========================================================================
Worker process is ready to serve import requests
Launched and connected shader compiler UnityShaderCompiler.exe after 0.06 seconds
Refreshing native plugins compatible for Editor in 0.54 ms, found 2 plugins.
Preloading 0 native plugins for Editor in 0.00 ms.
Unloading 1737 Unused Serialized files (Serialized files now loaded: 0)
System memory in use before: 76.1 MB.
System memory in use after: 76.2 MB.

Unloading 20 unused Assets to reduce memory usage. Loaded Objects now: 2170.
Total: 2.872200 ms (FindLiveObjects: 0.260800 ms CreateObjectMapping: 0.169100 ms MarkObjects: 2.341100 ms  DeleteObjects: 0.099800 ms)

AssetImportParameters requested are different than current active one (requested -> active):
  custom:framework-win-MediaFoundation: 216162199b28c13a410421893ffa2e32 -> 
  custom:video-decoder-ogg-theora: a1e56fd34408186e4bbccfd4996cb3dc -> 
  custom:container-muxer-webm: aa71ff27fc2769a1b78a27578f13a17b -> 
  custom:container-demuxer-webm: 4f35f7cbe854078d1ac9338744f61a02 -> 
  custom:container-demuxer-ogg: 62fdf1f143b41e24485cea50d1cbac27 -> 
  custom:video-encoder-webm-vp8: eb34c28f22e8b96e1ab97ce403110664 -> 
  custom:video-decoder-webm-vp8: 9c59270c3fd7afecdb556c50c9e8de78 -> 
  custom:audio-decoder-ogg-vorbis: bf7c407c2cedff20999df2af8eb42d56 -> 
  custom:audio-encoder-webm-vorbis: bf7c407c2cedff20999df2af8eb42d56 -> 
========================================================================
Received Import Request.
  path: Assets/Pikachu fbx
  artifactKey: Guid(e0de195dfa9b0fc4086f3b702cb3f3bb) Importer(815301076,1909f56bfc062723c751e8b465ee728b)
Start importing Assets/Pikachu fbx using Guid(e0de195dfa9b0fc4086f3b702cb3f3bb) Importer(815301076,1909f56bfc062723c751e8b465ee728b)  -> (artifact id: 'eff6c035be9c3cdceaf5c3510de3c7fb') in 0.011544 seconds 
  Import took 0.014348 seconds .

========================================================================
Received Import Request.
  Time since last request: 17.291370 seconds.
  path: Assets/Pikachu OBJ.obj
  artifactKey: Guid(11fceb99e117688419f9ecf37f3bcf6d) Importer(815301076,1909f56bfc062723c751e8b465ee728b)
Start importing Assets/Pikachu OBJ.obj using Guid(11fceb99e117688419f9ecf37f3bcf6d) Importer(815301076,1909f56bfc062723c751e8b465ee728b)  -> (artifact id: 'aa9cab322118df44ef097cb57793495c') in 0.172640 seconds 
  Import took 0.175890 seconds .

========================================================================
Received Import Request.
  Time since last request: 143.509544 seconds.
  path: Assets/rouge.prefab
  artifactKey: Guid(3e7b017a90ea994468859756d46f946b) Importer(815301076,1909f56bfc062723c751e8b465ee728b)
Start importing Assets/rouge.prefab using Guid(3e7b017a90ea994468859756d46f946b) Importer(815301076,1909f56bfc062723c751e8b465ee728b)  -> (artifact id: '7ef86ef0d2f2cd2a8fdc02eb5a178b71') in 0.015569 seconds 
  Import took 0.019140 seconds .

========================================================================
Received Import Request.
  Time since last request: 0.779927 seconds.
  path: Assets/rouge.prefab
  artifactKey: Guid(3e7b017a90ea994468859756d46f946b) Importer(815301076,1909f56bfc062723c751e8b465ee728b)
Start importing Assets/rouge.prefab using Guid(3e7b017a90ea994468859756d46f946b) Importer(815301076,1909f56bfc062723c751e8b465ee728b)  -> (artifact id: 'de0252454e62ce3be87be6150a36749b') in 0.008106 seconds 
  Import took 0.012099 seconds .

========================================================================
Received Import Request.
  Time since last request: 68.602724 seconds.
  path: Assets/charizar.blend
  artifactKey: Guid(cc94c8a823784df4a88982f2087454db) Importer(815301076,1909f56bfc062723c751e8b465ee728b)
Start importing Assets/charizar.blend using Guid(cc94c8a823784df4a88982f2087454db) Importer(815301076,1909f56bfc062723c751e8b465ee728b)  -> (artifact id: '86016a13de233e3afd720dccff1eba15') in 0.004453 seconds 
  Import took 0.007005 seconds .

========================================================================
Received Prepare
Refreshing native plugins compatible for Editor in 2.94 ms, found 2 plugins.
Preloading 0 native plugins for Editor in 0.00 ms.
Unloading 12 Unused Serialized files (Serialized files now loaded: 0)
System memory in use before: 45.2 MB.
System memory in use after: 45.3 MB.

Unloading 12 unused Assets to reduce memory usage. Loaded Objects now: 2214.
Total: 2.859300 ms (FindLiveObjects: 0.288900 ms CreateObjectMapping: 0.095800 ms MarkObjects: 2.369400 ms  DeleteObjects: 0.102900 ms)

AssetImportParameters requested are different than current active one (requested -> active):
  custom:framework-win-MediaFoundation: 216162199b28c13a410421893ffa2e32 -> 
  custom:video-decoder-ogg-theora: a1e56fd34408186e4bbccfd4996cb3dc -> 
  custom:container-muxer-webm: aa71ff27fc2769a1b78a27578f13a17b -> 
  custom:container-demuxer-webm: 4f35f7cbe854078d1ac9338744f61a02 -> 
  custom:container-demuxer-ogg: 62fdf1f143b41e24485cea50d1cbac27 -> 
  custom:video-encoder-webm-vp8: eb34c28f22e8b96e1ab97ce403110664 -> 
  custom:video-decoder-webm-vp8: 9c59270c3fd7afecdb556c50c9e8de78 -> 
  custom:audio-decoder-ogg-vorbis: bf7c407c2cedff20999df2af8eb42d56 -> 
  custom:audio-encoder-webm-vorbis: bf7c407c2cedff20999df2af8eb42d56 -> 
========================================================================
Received Import Request.
  Time since last request: 266.607466 seconds.
  path: Assets/Bottommat.mat
  artifactKey: Guid(7d5216f5a95f5c14fb322f51c347e7e1) Importer(815301076,1909f56bfc062723c751e8b465ee728b)
Start importing Assets/Bottommat.mat using Guid(7d5216f5a95f5c14fb322f51c347e7e1) Importer(815301076,1909f56bfc062723c751e8b465ee728b)  -> (artifact id: 'dcbd10ba53f9383f03413fec2a3fc56a') in 0.014419 seconds 
  Import took 0.018267 seconds .

========================================================================
Received Import Request.
  Time since last request: 0.316063 seconds.
  path: Assets/Bottommat.mat
  artifactKey: Guid(7d5216f5a95f5c14fb322f51c347e7e1) Importer(815301076,1909f56bfc062723c751e8b465ee728b)
Start importing Assets/Bottommat.mat using Guid(7d5216f5a95f5c14fb322f51c347e7e1) Importer(815301076,1909f56bfc062723c751e8b465ee728b)  -> (artifact id: 'dcbd10ba53f9383f03413fec2a3fc56a') in 0.006867 seconds 
  Import took 0.009394 seconds .

========================================================================
Received Prepare
Refreshing native plugins compatible for Editor in 1.69 ms, found 2 plugins.
Preloading 0 native plugins for Editor in 0.00 ms.
Unloading 12 Unused Serialized files (Serialized files now loaded: 0)
System memory in use before: 45.3 MB.
System memory in use after: 45.3 MB.

Unloading 12 unused Assets to reduce memory usage. Loaded Objects now: 2214.
Total: 3.535700 ms (FindLiveObjects: 0.142500 ms CreateObjectMapping: 0.052900 ms MarkObjects: 3.278600 ms  DeleteObjects: 0.060100 ms)

AssetImportParameters requested are different than current active one (requested -> active):
  custom:framework-win-MediaFoundation: 216162199b28c13a410421893ffa2e32 -> 
  custom:video-decoder-ogg-theora: a1e56fd34408186e4bbccfd4996cb3dc -> 
  custom:container-muxer-webm: aa71ff27fc2769a1b78a27578f13a17b -> 
  custom:container-demuxer-webm: 4f35f7cbe854078d1ac9338744f61a02 -> 
  custom:container-demuxer-ogg: 62fdf1f143b41e24485cea50d1cbac27 -> 
  custom:video-encoder-webm-vp8: eb34c28f22e8b96e1ab97ce403110664 -> 
  custom:video-decoder-webm-vp8: 9c59270c3fd7afecdb556c50c9e8de78 -> 
  custom:audio-decoder-ogg-vorbis: bf7c407c2cedff20999df2af8eb42d56 -> 
  custom:audio-encoder-webm-vorbis: bf7c407c2cedff20999df2af8eb42d56 -> 
========================================================================
Received Import Request.
  Time since last request: 355.138966 seconds.
  path: Assets/rouge.prefab
  artifactKey: Guid(3e7b017a90ea994468859756d46f946b) Importer(815301076,1909f56bfc062723c751e8b465ee728b)
Start importing Assets/rouge.prefab using Guid(3e7b017a90ea994468859756d46f946b) Importer(815301076,1909f56bfc062723c751e8b465ee728b)  -> (artifact id: '742410d824b17fab8ad5c93ae4abca7e') in 0.059845 seconds 
  Import took 0.064137 seconds .

========================================================================
Received Prepare
Refreshing native plugins compatible for Editor in 3.11 ms, found 2 plugins.
Preloading 0 native plugins for Editor in 0.00 ms.
Unloading 12 Unused Serialized files (Serialized files now loaded: 0)
System memory in use before: 45.3 MB.
System memory in use after: 45.4 MB.

Unloading 13 unused Assets to reduce memory usage. Loaded Objects now: 2215.
Total: 2.316500 ms (FindLiveObjects: 0.197000 ms CreateObjectMapping: 0.064600 ms MarkObjects: 2.009100 ms  DeleteObjects: 0.044700 ms)

AssetImportParameters requested are different than current active one (requested -> active):
  custom:framework-win-MediaFoundation: 216162199b28c13a410421893ffa2e32 -> 
  custom:video-decoder-ogg-theora: a1e56fd34408186e4bbccfd4996cb3dc -> 
  custom:container-muxer-webm: aa71ff27fc2769a1b78a27578f13a17b -> 
  custom:container-demuxer-webm: 4f35f7cbe854078d1ac9338744f61a02 -> 
  custom:container-demuxer-ogg: 62fdf1f143b41e24485cea50d1cbac27 -> 
  custom:video-encoder-webm-vp8: eb34c28f22e8b96e1ab97ce403110664 -> 
  custom:video-decoder-webm-vp8: 9c59270c3fd7afecdb556c50c9e8de78 -> 
  custom:audio-decoder-ogg-vorbis: bf7c407c2cedff20999df2af8eb42d56 -> 
  custom:audio-encoder-webm-vorbis: bf7c407c2cedff20999df2af8eb42d56 -> 
========================================================================
Received Import Request.
  Time since last request: 15.446609 seconds.
  path: Assets/mat.mat
  artifactKey: Guid(8a9a7fb55516ef748add81c56e9d787f) Importer(815301076,1909f56bfc062723c751e8b465ee728b)
Start importing Assets/mat.mat using Guid(8a9a7fb55516ef748add81c56e9d787f) Importer(815301076,1909f56bfc062723c751e8b465ee728b)  -> (artifact id: '742f489a64cd340a0e6d1734842c5e36') in 0.007253 seconds 
  Import took 0.011532 seconds .

========================================================================
Received Import Request.
  Time since last request: 0.335679 seconds.
  path: Assets/mat.mat
  artifactKey: Guid(8a9a7fb55516ef748add81c56e9d787f) Importer(815301076,1909f56bfc062723c751e8b465ee728b)
Start importing Assets/mat.mat using Guid(8a9a7fb55516ef748add81c56e9d787f) Importer(815301076,1909f56bfc062723c751e8b465ee728b)  -> (artifact id: '742f489a64cd340a0e6d1734842c5e36') in 0.006763 seconds 
  Import took 0.010106 seconds .

========================================================================
Received Import Request.
  Time since last request: 78.986291 seconds.
  path: Assets/rouge.prefab
  artifactKey: Guid(3e7b017a90ea994468859756d46f946b) Importer(815301076,1909f56bfc062723c751e8b465ee728b)
Start importing Assets/rouge.prefab using Guid(3e7b017a90ea994468859756d46f946b) Importer(815301076,1909f56bfc062723c751e8b465ee728b)  -> (artifact id: '69bf026a4bd640695e9ff0b036f59578') in 0.008795 seconds 
  Import took 0.011725 seconds .

========================================================================
Received Import Request.
  Time since last request: 0.002567 seconds.
  path: Assets/rouge.prefab
  artifactKey: Guid(3e7b017a90ea994468859756d46f946b) Importer(815301076,1909f56bfc062723c751e8b465ee728b)
Start importing Assets/rouge.prefab using Guid(3e7b017a90ea994468859756d46f946b) Importer(815301076,1909f56bfc062723c751e8b465ee728b)  -> (artifact id: '69bf026a4bd640695e9ff0b036f59578') in 0.006026 seconds 
  Import took 0.009048 seconds .

========================================================================
Received Import Request.
  Time since last request: 24.089698 seconds.
  path: Assets/rouge.prefab
  artifactKey: Guid(3e7b017a90ea994468859756d46f946b) Importer(815301076,1909f56bfc062723c751e8b465ee728b)
Start importing Assets/rouge.prefab using Guid(3e7b017a90ea994468859756d46f946b) Importer(815301076,1909f56bfc062723c751e8b465ee728b)  -> (artifact id: '8806c25884d089476b1de14933ed1043') in 0.007901 seconds 
  Import took 0.010911 seconds .

========================================================================
Received Prepare
Refreshing native plugins compatible for Editor in 1.84 ms, found 2 plugins.
Preloading 0 native plugins for Editor in 0.00 ms.
Unloading 12 Unused Serialized files (Serialized files now loaded: 0)
System memory in use before: 45.4 MB.
System memory in use after: 45.4 MB.

Unloading 13 unused Assets to reduce memory usage. Loaded Objects now: 2216.
Total: 2.096000 ms (FindLiveObjects: 0.135700 ms CreateObjectMapping: 0.050200 ms MarkObjects: 1.864400 ms  DeleteObjects: 0.044800 ms)

AssetImportParameters requested are different than current active one (requested -> active):
  custom:framework-win-MediaFoundation: 216162199b28c13a410421893ffa2e32 -> 
  custom:video-decoder-ogg-theora: a1e56fd34408186e4bbccfd4996cb3dc -> 
  custom:container-muxer-webm: aa71ff27fc2769a1b78a27578f13a17b -> 
  custom:container-demuxer-webm: 4f35f7cbe854078d1ac9338744f61a02 -> 
  custom:container-demuxer-ogg: 62fdf1f143b41e24485cea50d1cbac27 -> 
  custom:video-encoder-webm-vp8: eb34c28f22e8b96e1ab97ce403110664 -> 
  custom:video-decoder-webm-vp8: 9c59270c3fd7afecdb556c50c9e8de78 -> 
  custom:audio-decoder-ogg-vorbis: bf7c407c2cedff20999df2af8eb42d56 -> 
  custom:audio-encoder-webm-vorbis: bf7c407c2cedff20999df2af8eb42d56 -> 
========================================================================
Received Prepare
Refreshing native plugins compatible for Editor in 2.24 ms, found 2 plugins.
Preloading 0 native plugins for Editor in 0.00 ms.
Unloading 12 Unused Serialized files (Serialized files now loaded: 0)
System memory in use before: 45.4 MB.
System memory in use after: 45.4 MB.

Unloading 12 unused Assets to reduce memory usage. Loaded Objects now: 2216.
Total: 2.675800 ms (FindLiveObjects: 0.185300 ms CreateObjectMapping: 0.069700 ms MarkObjects: 2.361400 ms  DeleteObjects: 0.058200 ms)

AssetImportParameters requested are different than current active one (requested -> active):
  custom:framework-win-MediaFoundation: 216162199b28c13a410421893ffa2e32 -> 
  custom:video-decoder-ogg-theora: a1e56fd34408186e4bbccfd4996cb3dc -> 
  custom:container-muxer-webm: aa71ff27fc2769a1b78a27578f13a17b -> 
  custom:container-demuxer-webm: 4f35f7cbe854078d1ac9338744f61a02 -> 
  custom:container-demuxer-ogg: 62fdf1f143b41e24485cea50d1cbac27 -> 
  custom:video-encoder-webm-vp8: eb34c28f22e8b96e1ab97ce403110664 -> 
  custom:video-decoder-webm-vp8: 9c59270c3fd7afecdb556c50c9e8de78 -> 
  custom:audio-decoder-ogg-vorbis: bf7c407c2cedff20999df2af8eb42d56 -> 
  custom:audio-encoder-webm-vorbis: bf7c407c2cedff20999df2af8eb42d56 -> 
========================================================================
Received Prepare
Registering precompiled user dll's ...
Registered in 0.002552 seconds.
Begin MonoManager ReloadAssembly
Native extension for WindowsStandalone target not found
Native extension for WebGL target not found
Refreshing native plugins compatible for Editor in 0.45 ms, found 2 plugins.
Preloading 0 native plugins for Editor in 0.00 ms.
Mono: successfully reloaded assembly
- Completed reload, in  1.113 seconds
Platform modules already initialized, skipping
Switching build target platform(19) subTarget(0) extendedPlatform(0) -> platform(13) subTarget(524288) extendedPlatform(0)
Refreshing native plugins compatible for Editor in 0.68 ms, found 2 plugins.
Preloading 0 native plugins for Editor in 0.00 ms.
Unloading 1730 Unused Serialized files (Serialized files now loaded: 0)
System memory in use before: 79.3 MB.
System memory in use after: 79.4 MB.

Unloading 15 unused Assets to reduce memory usage. Loaded Objects now: 2220.
Total: 2.710500 ms (FindLiveObjects: 0.197200 ms CreateObjectMapping: 0.067100 ms MarkObjects: 2.378000 ms  DeleteObjects: 0.066900 ms)

AssetImportParameters requested are different than current active one (requested -> active):
  custom:framework-win-MediaFoundation: 216162199b28c13a410421893ffa2e32 -> 
  custom:video-decoder-ogg-theora: a1e56fd34408186e4bbccfd4996cb3dc -> 
  custom:container-muxer-webm: aa71ff27fc2769a1b78a27578f13a17b -> 
  custom:container-demuxer-webm: 4f35f7cbe854078d1ac9338744f61a02 -> 
  custom:container-demuxer-ogg: 62fdf1f143b41e24485cea50d1cbac27 -> 
  custom:video-encoder-webm-vp8: eb34c28f22e8b96e1ab97ce403110664 -> 
  custom:video-decoder-webm-vp8: 9c59270c3fd7afecdb556c50c9e8de78 -> 
  custom:graphics/normal-map-encoding: 01000000000000000000000000000000 -> 02000000000000000000000000000000
  custom:audio-decoder-ogg-vorbis: bf7c407c2cedff20999df2af8eb42d56 -> 
  custom:audio-encoder-webm-vorbis: bf7c407c2cedff20999df2af8eb42d56 -> 
========================================================================
Received Prepare
Refreshing native plugins compatible for Editor in 2.30 ms, found 2 plugins.
Preloading 0 native plugins for Editor in 0.00 ms.
Unloading 12 Unused Serialized files (Serialized files now loaded: 0)
System memory in use before: 45.2 MB.
System memory in use after: 45.3 MB.

Unloading 12 unused Assets to reduce memory usage. Loaded Objects now: 2220.
Total: 1.683300 ms (FindLiveObjects: 0.153500 ms CreateObjectMapping: 0.048600 ms MarkObjects: 1.440000 ms  DeleteObjects: 0.040400 ms)

AssetImportParameters requested are different than current active one (requested -> active):
  custom:framework-win-MediaFoundation: 216162199b28c13a410421893ffa2e32 -> 
  custom:video-decoder-ogg-theora: a1e56fd34408186e4bbccfd4996cb3dc -> 
  custom:container-muxer-webm: aa71ff27fc2769a1b78a27578f13a17b -> 
  custom:container-demuxer-webm: 4f35f7cbe854078d1ac9338744f61a02 -> 
  custom:container-demuxer-ogg: 62fdf1f143b41e24485cea50d1cbac27 -> 
  custom:video-encoder-webm-vp8: eb34c28f22e8b96e1ab97ce403110664 -> 
  custom:video-decoder-webm-vp8: 9c59270c3fd7afecdb556c50c9e8de78 -> 
  custom:audio-decoder-ogg-vorbis: bf7c407c2cedff20999df2af8eb42d56 -> 
  custom:audio-encoder-webm-vorbis: bf7c407c2cedff20999df2af8eb42d56 -> 
========================================================================
Received Prepare
Registering precompiled user dll's ...
Registered in 0.002274 seconds.
Begin MonoManager ReloadAssembly
Native extension for WindowsStandalone target not found
Native extension for WebGL target not found
Refreshing native plugins compatible for Editor in 0.36 ms, found 2 plugins.
Preloading 0 native plugins for Editor in 0.00 ms.
Mono: successfully reloaded assembly
- Completed reload, in  1.159 seconds
Platform modules already initialized, skipping
Switching build target platform(19) subTarget(0) extendedPlatform(0) -> platform(13) subTarget(524288) extendedPlatform(0)
Refreshing native plugins compatible for Editor in 0.33 ms, found 2 plugins.
Preloading 0 native plugins for Editor in 0.00 ms.
Unloading 1730 Unused Serialized files (Serialized files now loaded: 0)
System memory in use before: 79.4 MB.
System memory in use after: 79.5 MB.

Unloading 15 unused Assets to reduce memory usage. Loaded Objects now: 2224.
Total: 1.910700 ms (FindLiveObjects: 0.196500 ms CreateObjectMapping: 0.069400 ms MarkObjects: 1.587800 ms  DeleteObjects: 0.056000 ms)

AssetImportParameters requested are different than current active one (requested -> active):
  custom:framework-win-MediaFoundation: 216162199b28c13a410421893ffa2e32 -> 
  custom:video-decoder-ogg-theora: a1e56fd34408186e4bbccfd4996cb3dc -> 
  custom:container-muxer-webm: aa71ff27fc2769a1b78a27578f13a17b -> 
  custom:container-demuxer-webm: 4f35f7cbe854078d1ac9338744f61a02 -> 
  custom:container-demuxer-ogg: 62fdf1f143b41e24485cea50d1cbac27 -> 
  custom:video-encoder-webm-vp8: eb34c28f22e8b96e1ab97ce403110664 -> 
  custom:video-decoder-webm-vp8: 9c59270c3fd7afecdb556c50c9e8de78 -> 
  custom:graphics/normal-map-encoding: 01000000000000000000000000000000 -> 02000000000000000000000000000000
  custom:audio-decoder-ogg-vorbis: bf7c407c2cedff20999df2af8eb42d56 -> 
  custom:audio-encoder-webm-vorbis: bf7c407c2cedff20999df2af8eb42d56 -> 
========================================================================
Received Prepare
Refreshing native plugins compatible for Editor in 2.49 ms, found 2 plugins.
Preloading 0 native plugins for Editor in 0.00 ms.
Unloading 12 Unused Serialized files (Serialized files now loaded: 0)
System memory in use before: 45.2 MB.
System memory in use after: 45.3 MB.

Unloading 12 unused Assets to reduce memory usage. Loaded Objects now: 2224.
Total: 1.895500 ms (FindLiveObjects: 0.181400 ms CreateObjectMapping: 0.064400 ms MarkObjects: 1.596500 ms  DeleteObjects: 0.052100 ms)

AssetImportParameters requested are different than current active one (requested -> active):
  custom:framework-win-MediaFoundation: 216162199b28c13a410421893ffa2e32 -> 
  custom:video-decoder-ogg-theora: a1e56fd34408186e4bbccfd4996cb3dc -> 
  custom:container-muxer-webm: aa71ff27fc2769a1b78a27578f13a17b -> 
  custom:container-demuxer-webm: 4f35f7cbe854078d1ac9338744f61a02 -> 
  custom:container-demuxer-ogg: 62fdf1f143b41e24485cea50d1cbac27 -> 
  custom:video-encoder-webm-vp8: eb34c28f22e8b96e1ab97ce403110664 -> 
  custom:video-decoder-webm-vp8: 9c59270c3fd7afecdb556c50c9e8de78 -> 
  custom:audio-decoder-ogg-vorbis: bf7c407c2cedff20999df2af8eb42d56 -> 
  custom:audio-encoder-webm-vorbis: bf7c407c2cedff20999df2af8eb42d56 -> 
========================================================================
Received Prepare
Registering precompiled user dll's ...
Registered in 0.002391 seconds.
Begin MonoManager ReloadAssembly
Native extension for WindowsStandalone target not found
Native extension for WebGL target not found
Refreshing native plugins compatible for Editor in 0.32 ms, found 2 plugins.
Preloading 0 native plugins for Editor in 0.00 ms.
Mono: successfully reloaded assembly
- Completed reload, in  1.046 seconds
Platform modules already initialized, skipping
Switching build target platform(19) subTarget(0) extendedPlatform(0) -> platform(13) subTarget(524288) extendedPlatform(0)
Refreshing native plugins compatible for Editor in 0.30 ms, found 2 plugins.
Preloading 0 native plugins for Editor in 0.00 ms.
Unloading 1730 Unused Serialized files (Serialized files now loaded: 0)
System memory in use before: 79.4 MB.
System memory in use after: 79.5 MB.

Unloading 15 unused Assets to reduce memory usage. Loaded Objects now: 2228.
Total: 2.104600 ms (FindLiveObjects: 0.161200 ms CreateObjectMapping: 0.043500 ms MarkObjects: 1.850100 ms  DeleteObjects: 0.048900 ms)

AssetImportParameters requested are different than current active one (requested -> active):
  custom:framework-win-MediaFoundation: 216162199b28c13a410421893ffa2e32 -> 
  custom:video-decoder-ogg-theora: a1e56fd34408186e4bbccfd4996cb3dc -> 
  custom:container-muxer-webm: aa71ff27fc2769a1b78a27578f13a17b -> 
  custom:container-demuxer-webm: 4f35f7cbe854078d1ac9338744f61a02 -> 
  custom:container-demuxer-ogg: 62fdf1f143b41e24485cea50d1cbac27 -> 
  custom:video-encoder-webm-vp8: eb34c28f22e8b96e1ab97ce403110664 -> 
  custom:video-decoder-webm-vp8: 9c59270c3fd7afecdb556c50c9e8de78 -> 
  custom:graphics/normal-map-encoding: 01000000000000000000000000000000 -> 02000000000000000000000000000000
  custom:audio-decoder-ogg-vorbis: bf7c407c2cedff20999df2af8eb42d56 -> 
  custom:audio-encoder-webm-vorbis: bf7c407c2cedff20999df2af8eb42d56 -> 
========================================================================
Received Prepare
Registering precompiled user dll's ...
Registered in 0.003582 seconds.
Begin MonoManager ReloadAssembly
Native extension for WindowsStandalone target not found
Native extension for WebGL target not found
Refreshing native plugins compatible for Editor in 0.33 ms, found 2 plugins.
Preloading 0 native plugins for Editor in 0.00 ms.
Mono: successfully reloaded assembly
- Completed reload, in  0.993 seconds
Platform modules already initialized, skipping
Switching build target platform(19) subTarget(0) extendedPlatform(0) -> platform(13) subTarget(524288) extendedPlatform(0)
Refreshing native plugins compatible for Editor in 0.31 ms, found 2 plugins.
Preloading 0 native plugins for Editor in 0.00 ms.
Unloading 1730 Unused Serialized files (Serialized files now loaded: 0)
System memory in use before: 79.4 MB.
System memory in use after: 79.5 MB.

Unloading 15 unused Assets to reduce memory usage. Loaded Objects now: 2232.
Total: 2.291000 ms (FindLiveObjects: 0.201100 ms CreateObjectMapping: 0.066900 ms MarkObjects: 1.968100 ms  DeleteObjects: 0.053600 ms)

AssetImportParameters requested are different than current active one (requested -> active):
  custom:framework-win-MediaFoundation: 216162199b28c13a410421893ffa2e32 -> 
  custom:video-decoder-ogg-theora: a1e56fd34408186e4bbccfd4996cb3dc -> 
  custom:container-muxer-webm: aa71ff27fc2769a1b78a27578f13a17b -> 
  custom:container-demuxer-webm: 4f35f7cbe854078d1ac9338744f61a02 -> 
  custom:container-demuxer-ogg: 62fdf1f143b41e24485cea50d1cbac27 -> 
  custom:video-encoder-webm-vp8: eb34c28f22e8b96e1ab97ce403110664 -> 
  custom:video-decoder-webm-vp8: 9c59270c3fd7afecdb556c50c9e8de78 -> 
  custom:graphics/normal-map-encoding: 01000000000000000000000000000000 -> 02000000000000000000000000000000
  custom:audio-decoder-ogg-vorbis: bf7c407c2cedff20999df2af8eb42d56 -> 
  custom:audio-encoder-webm-vorbis: bf7c407c2cedff20999df2af8eb42d56 -> 
========================================================================
Received Prepare
Refreshing native plugins compatible for Editor in 2.58 ms, found 2 plugins.
Preloading 0 native plugins for Editor in 0.00 ms.
Unloading 12 Unused Serialized files (Serialized files now loaded: 0)
System memory in use before: 45.3 MB.
System memory in use after: 45.4 MB.

Unloading 12 unused Assets to reduce memory usage. Loaded Objects now: 2232.
Total: 2.956600 ms (FindLiveObjects: 0.264500 ms CreateObjectMapping: 0.091300 ms MarkObjects: 2.543700 ms  DeleteObjects: 0.055900 ms)

AssetImportParameters requested are different than current active one (requested -> active):
  custom:framework-win-MediaFoundation: 216162199b28c13a410421893ffa2e32 -> 
  custom:video-decoder-ogg-theora: a1e56fd34408186e4bbccfd4996cb3dc -> 
  custom:container-muxer-webm: aa71ff27fc2769a1b78a27578f13a17b -> 
  custom:container-demuxer-webm: 4f35f7cbe854078d1ac9338744f61a02 -> 
  custom:container-demuxer-ogg: 62fdf1f143b41e24485cea50d1cbac27 -> 
  custom:video-encoder-webm-vp8: eb34c28f22e8b96e1ab97ce403110664 -> 
  custom:video-decoder-webm-vp8: 9c59270c3fd7afecdb556c50c9e8de78 -> 
  custom:audio-decoder-ogg-vorbis: bf7c407c2cedff20999df2af8eb42d56 -> 
  custom:audio-encoder-webm-vorbis: bf7c407c2cedff20999df2af8eb42d56 -> 
========================================================================
Received Import Request.
  Time since last request: 1168.580918 seconds.
  path: Assets/Resources/opening.mp3
  artifactKey: Guid(471a7de0bc2fb6543a462326d267a7f4) Importer(815301076,1909f56bfc062723c751e8b465ee728b)
Start importing Assets/Resources/opening.mp3 using Guid(471a7de0bc2fb6543a462326d267a7f4) Importer(815301076,1909f56bfc062723c751e8b465ee728b)  -> (artifact id: 'a6bc0105e8a1832696d641ecc254d4d1') in 0.061201 seconds 
  Import took 0.065704 seconds .

========================================================================
Received Import Request.
  Time since last request: 0.034390 seconds.
  path: Assets/Resources/opening.mp3
  artifactKey: Guid(471a7de0bc2fb6543a462326d267a7f4) Importer(815301076,1909f56bfc062723c751e8b465ee728b)
Start importing Assets/Resources/opening.mp3 using Guid(471a7de0bc2fb6543a462326d267a7f4) Importer(815301076,1909f56bfc062723c751e8b465ee728b)  -> (artifact id: 'a6bc0105e8a1832696d641ecc254d4d1') in 0.007694 seconds 
  Import took 0.011113 seconds .

========================================================================
Received Prepare
Registering precompiled user dll's ...
Registered in 0.003322 seconds.
Begin MonoManager ReloadAssembly
Native extension for WindowsStandalone target not found
Native extension for WebGL target not found
Refreshing native plugins compatible for Editor in 0.34 ms, found 2 plugins.
Preloading 0 native plugins for Editor in 0.00 ms.
Mono: successfully reloaded assembly
- Completed reload, in  1.161 seconds
Platform modules already initialized, skipping
Switching build target platform(19) subTarget(0) extendedPlatform(0) -> platform(13) subTarget(524288) extendedPlatform(0)
Refreshing native plugins compatible for Editor in 0.33 ms, found 2 plugins.
Preloading 0 native plugins for Editor in 0.00 ms.
Unloading 1730 Unused Serialized files (Serialized files now loaded: 0)
System memory in use before: 79.5 MB.
System memory in use after: 79.6 MB.

Unloading 15 unused Assets to reduce memory usage. Loaded Objects now: 2239.
Total: 2.316500 ms (FindLiveObjects: 0.249600 ms CreateObjectMapping: 0.090800 ms MarkObjects: 1.920700 ms  DeleteObjects: 0.054400 ms)

AssetImportParameters requested are different than current active one (requested -> active):
  custom:framework-win-MediaFoundation: 216162199b28c13a410421893ffa2e32 -> 
  custom:video-decoder-ogg-theora: a1e56fd34408186e4bbccfd4996cb3dc -> 
  custom:container-muxer-webm: aa71ff27fc2769a1b78a27578f13a17b -> 
  custom:container-demuxer-webm: 4f35f7cbe854078d1ac9338744f61a02 -> 
  custom:container-demuxer-ogg: 62fdf1f143b41e24485cea50d1cbac27 -> 
  custom:video-encoder-webm-vp8: eb34c28f22e8b96e1ab97ce403110664 -> 
  custom:video-decoder-webm-vp8: 9c59270c3fd7afecdb556c50c9e8de78 -> 
  custom:graphics/normal-map-encoding: 01000000000000000000000000000000 -> 02000000000000000000000000000000
  custom:audio-decoder-ogg-vorbis: bf7c407c2cedff20999df2af8eb42d56 -> 
  custom:audio-encoder-webm-vorbis: bf7c407c2cedff20999df2af8eb42d56 -> 
========================================================================
Received Prepare
Refreshing native plugins compatible for Editor in 2.27 ms, found 2 plugins.
Preloading 0 native plugins for Editor in 0.00 ms.
Unloading 12 Unused Serialized files (Serialized files now loaded: 0)
System memory in use before: 45.3 MB.
System memory in use after: 45.4 MB.

Unloading 12 unused Assets to reduce memory usage. Loaded Objects now: 2239.
Total: 1.772700 ms (FindLiveObjects: 0.155400 ms CreateObjectMapping: 0.057100 ms MarkObjects: 1.516600 ms  DeleteObjects: 0.042700 ms)

AssetImportParameters requested are different than current active one (requested -> active):
  custom:framework-win-MediaFoundation: 216162199b28c13a410421893ffa2e32 -> 
  custom:video-decoder-ogg-theora: a1e56fd34408186e4bbccfd4996cb3dc -> 
  custom:container-muxer-webm: aa71ff27fc2769a1b78a27578f13a17b -> 
  custom:container-demuxer-webm: 4f35f7cbe854078d1ac9338744f61a02 -> 
  custom:container-demuxer-ogg: 62fdf1f143b41e24485cea50d1cbac27 -> 
  custom:video-encoder-webm-vp8: eb34c28f22e8b96e1ab97ce403110664 -> 
  custom:video-decoder-webm-vp8: 9c59270c3fd7afecdb556c50c9e8de78 -> 
  custom:audio-decoder-ogg-vorbis: bf7c407c2cedff20999df2af8eb42d56 -> 
  custom:audio-encoder-webm-vorbis: bf7c407c2cedff20999df2af8eb42d56 -> 
========================================================================
Received Prepare
Registering precompiled user dll's ...
Registered in 0.002342 seconds.
Begin MonoManager ReloadAssembly
Native extension for WindowsStandalone target not found
Native extension for WebGL target not found
Refreshing native plugins compatible for Editor in 0.40 ms, found 2 plugins.
Preloading 0 native plugins for Editor in 0.00 ms.
Mono: successfully reloaded assembly
- Completed reload, in  1.153 seconds
Platform modules already initialized, skipping
Switching build target platform(19) subTarget(0) extendedPlatform(0) -> platform(13) subTarget(524288) extendedPlatform(0)
Refreshing native plugins compatible for Editor in 0.63 ms, found 2 plugins.
Preloading 0 native plugins for Editor in 0.00 ms.
Unloading 1730 Unused Serialized files (Serialized files now loaded: 0)
System memory in use before: 79.5 MB.
System memory in use after: 79.6 MB.

Unloading 15 unused Assets to reduce memory usage. Loaded Objects now: 2243.
Total: 3.249900 ms (FindLiveObjects: 0.241300 ms CreateObjectMapping: 0.071100 ms MarkObjects: 2.870900 ms  DeleteObjects: 0.065200 ms)

AssetImportParameters requested are different than current active one (requested -> active):
  custom:framework-win-MediaFoundation: 216162199b28c13a410421893ffa2e32 -> 
  custom:video-decoder-ogg-theora: a1e56fd34408186e4bbccfd4996cb3dc -> 
  custom:container-muxer-webm: aa71ff27fc2769a1b78a27578f13a17b -> 
  custom:container-demuxer-webm: 4f35f7cbe854078d1ac9338744f61a02 -> 
  custom:container-demuxer-ogg: 62fdf1f143b41e24485cea50d1cbac27 -> 
  custom:video-encoder-webm-vp8: eb34c28f22e8b96e1ab97ce403110664 -> 
  custom:video-decoder-webm-vp8: 9c59270c3fd7afecdb556c50c9e8de78 -> 
  custom:graphics/normal-map-encoding: 01000000000000000000000000000000 -> 02000000000000000000000000000000
  custom:audio-decoder-ogg-vorbis: bf7c407c2cedff20999df2af8eb42d56 -> 
  custom:audio-encoder-webm-vorbis: bf7c407c2cedff20999df2af8eb42d56 -> 
========================================================================
Received Prepare
Refreshing native plugins compatible for Editor in 3.15 ms, found 2 plugins.
Preloading 0 native plugins for Editor in 0.00 ms.
Unloading 12 Unused Serialized files (Serialized files now loaded: 0)
System memory in use before: 45.3 MB.
System memory in use after: 45.4 MB.

Unloading 12 unused Assets to reduce memory usage. Loaded Objects now: 2243.
Total: 2.471500 ms (FindLiveObjects: 0.262800 ms CreateObjectMapping: 0.086400 ms MarkObjects: 2.051400 ms  DeleteObjects: 0.068600 ms)

AssetImportParameters requested are different than current active one (requested -> active):
  custom:framework-win-MediaFoundation: 216162199b28c13a410421893ffa2e32 -> 
  custom:video-decoder-ogg-theora: a1e56fd34408186e4bbccfd4996cb3dc -> 
  custom:container-muxer-webm: aa71ff27fc2769a1b78a27578f13a17b -> 
  custom:container-demuxer-webm: 4f35f7cbe854078d1ac9338744f61a02 -> 
  custom:container-demuxer-ogg: 62fdf1f143b41e24485cea50d1cbac27 -> 
  custom:video-encoder-webm-vp8: eb34c28f22e8b96e1ab97ce403110664 -> 
  custom:video-decoder-webm-vp8: 9c59270c3fd7afecdb556c50c9e8de78 -> 
  custom:audio-decoder-ogg-vorbis: bf7c407c2cedff20999df2af8eb42d56 -> 
  custom:audio-encoder-webm-vorbis: bf7c407c2cedff20999df2af8eb42d56 -> 
========================================================================
Received Prepare
Refreshing native plugins compatible for Editor in 1.69 ms, found 2 plugins.
Preloading 0 native plugins for Editor in 0.00 ms.
Unloading 12 Unused Serialized files (Serialized files now loaded: 0)
System memory in use before: 45.3 MB.
System memory in use after: 45.4 MB.

Unloading 12 unused Assets to reduce memory usage. Loaded Objects now: 2243.
Total: 2.865900 ms (FindLiveObjects: 0.135600 ms CreateObjectMapping: 0.048700 ms MarkObjects: 2.623000 ms  DeleteObjects: 0.057400 ms)

AssetImportParameters requested are different than current active one (requested -> active):
  custom:framework-win-MediaFoundation: 216162199b28c13a410421893ffa2e32 -> 
  custom:video-decoder-ogg-theora: a1e56fd34408186e4bbccfd4996cb3dc -> 
  custom:container-muxer-webm: aa71ff27fc2769a1b78a27578f13a17b -> 
  custom:container-demuxer-webm: 4f35f7cbe854078d1ac9338744f61a02 -> 
  custom:container-demuxer-ogg: 62fdf1f143b41e24485cea50d1cbac27 -> 
  custom:video-encoder-webm-vp8: eb34c28f22e8b96e1ab97ce403110664 -> 
  custom:video-decoder-webm-vp8: 9c59270c3fd7afecdb556c50c9e8de78 -> 
  custom:audio-decoder-ogg-vorbis: bf7c407c2cedff20999df2af8eb42d56 -> 
  custom:audio-encoder-webm-vorbis: bf7c407c2cedff20999df2af8eb42d56 -> 
========================================================================
Received Prepare
Registering precompiled user dll's ...
Registered in 0.003417 seconds.
Begin MonoManager ReloadAssembly
Native extension for WindowsStandalone target not found
Native extension for WebGL target not found
Refreshing native plugins compatible for Editor in 0.33 ms, found 2 plugins.
Preloading 0 native plugins for Editor in 0.00 ms.
Mono: successfully reloaded assembly
- Completed reload, in  1.079 seconds
Platform modules already initialized, skipping
Switching build target platform(19) subTarget(0) extendedPlatform(0) -> platform(13) subTarget(524288) extendedPlatform(0)
Refreshing native plugins compatible for Editor in 0.30 ms, found 2 plugins.
Preloading 0 native plugins for Editor in 0.00 ms.
Unloading 1730 Unused Serialized files (Serialized files now loaded: 0)
System memory in use before: 79.5 MB.
System memory in use after: 79.6 MB.

Unloading 15 unused Assets to reduce memory usage. Loaded Objects now: 2247.
Total: 1.946100 ms (FindLiveObjects: 0.149300 ms CreateObjectMapping: 0.050700 ms MarkObjects: 1.691400 ms  DeleteObjects: 0.053200 ms)

AssetImportParameters requested are different than current active one (requested -> active):
  custom:framework-win-MediaFoundation: 216162199b28c13a410421893ffa2e32 -> 
  custom:video-decoder-ogg-theora: a1e56fd34408186e4bbccfd4996cb3dc -> 
  custom:container-muxer-webm: aa71ff27fc2769a1b78a27578f13a17b -> 
  custom:container-demuxer-webm: 4f35f7cbe854078d1ac9338744f61a02 -> 
  custom:container-demuxer-ogg: 62fdf1f143b41e24485cea50d1cbac27 -> 
  custom:video-encoder-webm-vp8: eb34c28f22e8b96e1ab97ce403110664 -> 
  custom:video-decoder-webm-vp8: 9c59270c3fd7afecdb556c50c9e8de78 -> 
  custom:graphics/normal-map-encoding: 01000000000000000000000000000000 -> 02000000000000000000000000000000
  custom:audio-decoder-ogg-vorbis: bf7c407c2cedff20999df2af8eb42d56 -> 
  custom:audio-encoder-webm-vorbis: bf7c407c2cedff20999df2af8eb42d56 -> 
========================================================================
Received Prepare
Refreshing native plugins compatible for Editor in 2.09 ms, found 2 plugins.
Preloading 0 native plugins for Editor in 0.00 ms.
Unloading 12 Unused Serialized files (Serialized files now loaded: 0)
System memory in use before: 45.4 MB.
System memory in use after: 45.4 MB.

Unloading 12 unused Assets to reduce memory usage. Loaded Objects now: 2247.
Total: 2.003900 ms (FindLiveObjects: 0.166900 ms CreateObjectMapping: 0.050600 ms MarkObjects: 1.733000 ms  DeleteObjects: 0.052400 ms)

AssetImportParameters requested are different than current active one (requested -> active):
  custom:framework-win-MediaFoundation: 216162199b28c13a410421893ffa2e32 -> 
  custom:video-decoder-ogg-theora: a1e56fd34408186e4bbccfd4996cb3dc -> 
  custom:container-muxer-webm: aa71ff27fc2769a1b78a27578f13a17b -> 
  custom:container-demuxer-webm: 4f35f7cbe854078d1ac9338744f61a02 -> 
  custom:container-demuxer-ogg: 62fdf1f143b41e24485cea50d1cbac27 -> 
  custom:video-encoder-webm-vp8: eb34c28f22e8b96e1ab97ce403110664 -> 
  custom:video-decoder-webm-vp8: 9c59270c3fd7afecdb556c50c9e8de78 -> 
  custom:audio-decoder-ogg-vorbis: bf7c407c2cedff20999df2af8eb42d56 -> 
  custom:audio-encoder-webm-vorbis: bf7c407c2cedff20999df2af8eb42d56 -> 
========================================================================
Received Prepare
Registering precompiled user dll's ...
Registered in 0.002228 seconds.
Begin MonoManager ReloadAssembly
Native extension for WindowsStandalone target not found
Native extension for WebGL target not found
Refreshing native plugins compatible for Editor in 0.61 ms, found 2 plugins.
Preloading 0 native plugins for Editor in 0.00 ms.
Mono: successfully reloaded assembly
- Completed reload, in  1.059 seconds
Platform modules already initialized, skipping
Switching build target platform(19) subTarget(0) extendedPlatform(0) -> platform(13) subTarget(524288) extendedPlatform(0)
Refreshing native plugins compatible for Editor in 0.50 ms, found 2 plugins.
Preloading 0 native plugins for Editor in 0.00 ms.
Unloading 1730 Unused Serialized files (Serialized files now loaded: 0)
System memory in use before: 79.5 MB.
System memory in use after: 79.6 MB.

Unloading 15 unused Assets to reduce memory usage. Loaded Objects now: 2251.
Total: 2.018900 ms (FindLiveObjects: 0.142300 ms CreateObjectMapping: 0.044300 ms MarkObjects: 1.781200 ms  DeleteObjects: 0.050000 ms)

AssetImportParameters requested are different than current active one (requested -> active):
  custom:framework-win-MediaFoundation: 216162199b28c13a410421893ffa2e32 -> 
  custom:video-decoder-ogg-theora: a1e56fd34408186e4bbccfd4996cb3dc -> 
  custom:container-muxer-webm: aa71ff27fc2769a1b78a27578f13a17b -> 
  custom:container-demuxer-webm: 4f35f7cbe854078d1ac9338744f61a02 -> 
  custom:container-demuxer-ogg: 62fdf1f143b41e24485cea50d1cbac27 -> 
  custom:video-encoder-webm-vp8: eb34c28f22e8b96e1ab97ce403110664 -> 
  custom:video-decoder-webm-vp8: 9c59270c3fd7afecdb556c50c9e8de78 -> 
  custom:graphics/normal-map-encoding: 01000000000000000000000000000000 -> 02000000000000000000000000000000
  custom:audio-decoder-ogg-vorbis: bf7c407c2cedff20999df2af8eb42d56 -> 
  custom:audio-encoder-webm-vorbis: bf7c407c2cedff20999df2af8eb42d56 -> 
========================================================================
Received Prepare
Registering precompiled user dll's ...
Registered in 0.003079 seconds.
Begin MonoManager ReloadAssembly
Native extension for WindowsStandalone target not found
Native extension for WebGL target not found
Refreshing native plugins compatible for Editor in 0.32 ms, found 2 plugins.
Preloading 0 native plugins for Editor in 0.00 ms.
Mono: successfully reloaded assembly
- Completed reload, in  1.030 seconds
Platform modules already initialized, skipping
Switching build target platform(19) subTarget(0) extendedPlatform(0) -> platform(13) subTarget(524288) extendedPlatform(0)
Refreshing native plugins compatible for Editor in 0.33 ms, found 2 plugins.
Preloading 0 native plugins for Editor in 0.00 ms.
Unloading 1730 Unused Serialized files (Serialized files now loaded: 0)
System memory in use before: 79.5 MB.
System memory in use after: 79.6 MB.

Unloading 15 unused Assets to reduce memory usage. Loaded Objects now: 2255.
Total: 2.204600 ms (FindLiveObjects: 0.183700 ms CreateObjectMapping: 0.055100 ms MarkObjects: 1.917100 ms  DeleteObjects: 0.047800 ms)

AssetImportParameters requested are different than current active one (requested -> active):
  custom:framework-win-MediaFoundation: 216162199b28c13a410421893ffa2e32 -> 
  custom:video-decoder-ogg-theora: a1e56fd34408186e4bbccfd4996cb3dc -> 
  custom:container-muxer-webm: aa71ff27fc2769a1b78a27578f13a17b -> 
  custom:container-demuxer-webm: 4f35f7cbe854078d1ac9338744f61a02 -> 
  custom:container-demuxer-ogg: 62fdf1f143b41e24485cea50d1cbac27 -> 
  custom:video-encoder-webm-vp8: eb34c28f22e8b96e1ab97ce403110664 -> 
  custom:video-decoder-webm-vp8: 9c59270c3fd7afecdb556c50c9e8de78 -> 
  custom:graphics/normal-map-encoding: 01000000000000000000000000000000 -> 02000000000000000000000000000000
  custom:audio-decoder-ogg-vorbis: bf7c407c2cedff20999df2af8eb42d56 -> 
  custom:audio-encoder-webm-vorbis: bf7c407c2cedff20999df2af8eb42d56 -> 
========================================================================
Received Prepare
Refreshing native plugins compatible for Editor in 4.57 ms, found 2 plugins.
Preloading 0 native plugins for Editor in 0.00 ms.
Unloading 12 Unused Serialized files (Serialized files now loaded: 0)
System memory in use before: 45.4 MB.
System memory in use after: 45.5 MB.

Unloading 12 unused Assets to reduce memory usage. Loaded Objects now: 2255.
Total: 3.344600 ms (FindLiveObjects: 0.169400 ms CreateObjectMapping: 0.762700 ms MarkObjects: 2.325100 ms  DeleteObjects: 0.086000 ms)

AssetImportParameters requested are different than current active one (requested -> active):
  custom:framework-win-MediaFoundation: 216162199b28c13a410421893ffa2e32 -> 
  custom:video-decoder-ogg-theora: a1e56fd34408186e4bbccfd4996cb3dc -> 
  custom:container-muxer-webm: aa71ff27fc2769a1b78a27578f13a17b -> 
  custom:container-demuxer-webm: 4f35f7cbe854078d1ac9338744f61a02 -> 
  custom:container-demuxer-ogg: 62fdf1f143b41e24485cea50d1cbac27 -> 
  custom:video-encoder-webm-vp8: eb34c28f22e8b96e1ab97ce403110664 -> 
  custom:video-decoder-webm-vp8: 9c59270c3fd7afecdb556c50c9e8de78 -> 
  custom:audio-decoder-ogg-vorbis: bf7c407c2cedff20999df2af8eb42d56 -> 
  custom:audio-encoder-webm-vorbis: bf7c407c2cedff20999df2af8eb42d56 -> 
========================================================================
Received Import Request.
  Time since last request: 3356.578911 seconds.
  path: Assets/Charizard.FBX
  artifactKey: Guid(45af8d291d118d644989a64d76807bdc) Importer(815301076,1909f56bfc062723c751e8b465ee728b)
Start importing Assets/Charizard.FBX using Guid(45af8d291d118d644989a64d76807bdc) Importer(815301076,1909f56bfc062723c751e8b465ee728b)  -> (artifact id: '6d3d7a0fb0689b60f747ed3e98a20efd') in 0.182432 seconds 
  Import took 0.199263 seconds .

========================================================================
Received Import Request.
  Time since last request: 115.928525 seconds.
  path: Assets/vert.prefab
  artifactKey: Guid(4f75ccaab0c25e3448b08d44d54ccef5) Importer(815301076,1909f56bfc062723c751e8b465ee728b)
Start importing Assets/vert.prefab using Guid(4f75ccaab0c25e3448b08d44d54ccef5) Importer(815301076,1909f56bfc062723c751e8b465ee728b)  -> (artifact id: 'ebf1493e1da6c3f6ac10c4b8581f6e99') in 0.014227 seconds 
  Import took 0.019191 seconds .

========================================================================
Received Import Request.
  Time since last request: 117.611126 seconds.
  path: Assets/Charizard 1.FBX
  artifactKey: Guid(ca692a77521398745a0313b3817165aa) Importer(815301076,1909f56bfc062723c751e8b465ee728b)
Start importing Assets/Charizard 1.FBX using Guid(ca692a77521398745a0313b3817165aa) Importer(815301076,1909f56bfc062723c751e8b465ee728b)  -> (artifact id: 'b28a93ffb990e873b1672bea4dc0519b') in 0.070295 seconds 
  Import took 0.074565 seconds .

========================================================================
Received Import Request.
  Time since last request: 14.367659 seconds.
  path: Assets/Charizard 1.FBX
  artifactKey: Guid(ca692a77521398745a0313b3817165aa) Importer(815301076,1909f56bfc062723c751e8b465ee728b)
Start importing Assets/Charizard 1.FBX using Guid(ca692a77521398745a0313b3817165aa) Importer(815301076,1909f56bfc062723c751e8b465ee728b)  -> (artifact id: 'eda898ef48d7aa58de4836ecf46d9e2f') in 0.028087 seconds 
  Import took 0.032040 seconds .

========================================================================
Received Import Request.
  Time since last request: 92.597484 seconds.
  path: Assets/Materials/pm0006_00_BodyA1.mat
  artifactKey: Guid(8594b1fcdb6d6a843a1f392287bc05e9) Importer(815301076,1909f56bfc062723c751e8b465ee728b)
Start importing Assets/Materials/pm0006_00_BodyA1.mat using Guid(8594b1fcdb6d6a843a1f392287bc05e9) Importer(815301076,1909f56bfc062723c751e8b465ee728b)  -> (artifact id: '217abe49cd906a34a5b69fc0046cd660') in 0.008108 seconds 
  Import took 0.011969 seconds .

========================================================================
Received Import Request.
  Time since last request: 0.003195 seconds.
  path: Assets/Materials/pm0006_00_BodyA1.mat
  artifactKey: Guid(8594b1fcdb6d6a843a1f392287bc05e9) Importer(815301076,1909f56bfc062723c751e8b465ee728b)
Start importing Assets/Materials/pm0006_00_BodyA1.mat using Guid(8594b1fcdb6d6a843a1f392287bc05e9) Importer(815301076,1909f56bfc062723c751e8b465ee728b)  -> (artifact id: '217abe49cd906a34a5b69fc0046cd660') in 0.006517 seconds 
  Import took 0.009535 seconds .

========================================================================
Received Import Request.
  Time since last request: 0.027129 seconds.
  path: Assets/Materials/pm0006_00_BodyB1.mat
  artifactKey: Guid(2ef79196508bf094a9f50d144e4beadb) Importer(815301076,1909f56bfc062723c751e8b465ee728b)
Start importing Assets/Materials/pm0006_00_BodyB1.mat using Guid(2ef79196508bf094a9f50d144e4beadb) Importer(815301076,1909f56bfc062723c751e8b465ee728b)  -> (artifact id: '73cc0828261f6692074ee2141c1e0c73') in 0.006794 seconds 
  Import took 0.010256 seconds .

========================================================================
Received Import Request.
  Time since last request: 0.000286 seconds.
  path: Assets/Materials/pm0006_00_Eye1.mat
  artifactKey: Guid(0ee1018dbafee63459b51e950555e9bd) Importer(815301076,1909f56bfc062723c751e8b465ee728b)
Start importing Assets/Materials/pm0006_00_Eye1.mat using Guid(0ee1018dbafee63459b51e950555e9bd) Importer(815301076,1909f56bfc062723c751e8b465ee728b)  -> (artifact id: 'ff132f81cceb8e20249391895e5ee2c5') in 0.007108 seconds 
  Import took 0.009978 seconds .

========================================================================
Received Import Request.
  Time since last request: 0.027456 seconds.
  path: Assets/Materials/pm0006_00_Eye1.mat
  artifactKey: Guid(0ee1018dbafee63459b51e950555e9bd) Importer(815301076,1909f56bfc062723c751e8b465ee728b)
Start importing Assets/Materials/pm0006_00_Eye1.mat using Guid(0ee1018dbafee63459b51e950555e9bd) Importer(815301076,1909f56bfc062723c751e8b465ee728b)  -> (artifact id: 'ff132f81cceb8e20249391895e5ee2c5') in 0.007676 seconds 
  Import took 0.010984 seconds .

========================================================================
Received Import Request.
  Time since last request: 0.000252 seconds.
  path: Assets/Materials/pm0006_00_FireStenA1.mat
  artifactKey: Guid(44b33a15e97983640a81656afe2249ec) Importer(815301076,1909f56bfc062723c751e8b465ee728b)
Start importing Assets/Materials/pm0006_00_FireStenA1.mat using Guid(44b33a15e97983640a81656afe2249ec) Importer(815301076,1909f56bfc062723c751e8b465ee728b)  -> (artifact id: '33315c9dfceb1ba62299af4d137c87fc') in 0.007232 seconds 
  Import took 0.011439 seconds .

========================================================================
Received Import Request.
  Time since last request: 0.000221 seconds.
  path: Assets/Materials/pm0006_00_FireCoreA1.mat
  artifactKey: Guid(8185681dcfd648942b8ca77e3fe9ddd6) Importer(815301076,1909f56bfc062723c751e8b465ee728b)
Start importing Assets/Materials/pm0006_00_FireCoreA1.mat using Guid(8185681dcfd648942b8ca77e3fe9ddd6) Importer(815301076,1909f56bfc062723c751e8b465ee728b)  -> (artifact id: '882ceee28b1951c5ddc22fc5caee2712') in 0.007735 seconds 
  Import took 0.011425 seconds .

========================================================================
Received Import Request.
  Time since last request: 47.663709 seconds.
  path: Assets/vert.prefab
  artifactKey: Guid(4f75ccaab0c25e3448b08d44d54ccef5) Importer(815301076,1909f56bfc062723c751e8b465ee728b)
Start importing Assets/vert.prefab using Guid(4f75ccaab0c25e3448b08d44d54ccef5) Importer(815301076,1909f56bfc062723c751e8b465ee728b)  -> (artifact id: '3b1a6adfec1a5903aacbd4b08b04e589') in 0.008823 seconds 
  Import took 0.012345 seconds .

========================================================================
Received Import Request.
  Time since last request: 168.608567 seconds.
  path: Assets/Pikachu.fbx
  artifactKey: Guid(8fce966c9b0a3e4439cadb315a399b3e) Importer(815301076,1909f56bfc062723c751e8b465ee728b)
Start importing Assets/Pikachu.fbx using Guid(8fce966c9b0a3e4439cadb315a399b3e) Importer(815301076,1909f56bfc062723c751e8b465ee728b)  -> (artifact id: 'a29c765ff5474ee829fbd54890057304') in 0.064092 seconds 
  Import took 0.069511 seconds .

========================================================================
Received Import Request.
  Time since last request: 16.528312 seconds.
  path: Assets/rouge.prefab
  artifactKey: Guid(3e7b017a90ea994468859756d46f946b) Importer(815301076,1909f56bfc062723c751e8b465ee728b)
Start importing Assets/rouge.prefab using Guid(3e7b017a90ea994468859756d46f946b) Importer(815301076,1909f56bfc062723c751e8b465ee728b)  -> (artifact id: 'b77788b69e6a3c8796864cb71f086174') in 0.009105 seconds 
  Import took 0.012317 seconds .

========================================================================
Received Import Request.
  Time since last request: 0.029306 seconds.
  path: Assets/rouge.prefab
  artifactKey: Guid(3e7b017a90ea994468859756d46f946b) Importer(815301076,1909f56bfc062723c751e8b465ee728b)
Start importing Assets/rouge.prefab using Guid(3e7b017a90ea994468859756d46f946b) Importer(815301076,1909f56bfc062723c751e8b465ee728b)  -> (artifact id: 'b77788b69e6a3c8796864cb71f086174') in 0.007798 seconds 
  Import took 0.012013 seconds .

========================================================================
Received Import Request.
  Time since last request: 6.361583 seconds.
  path: Assets/rouge.prefab
  artifactKey: Guid(3e7b017a90ea994468859756d46f946b) Importer(815301076,1909f56bfc062723c751e8b465ee728b)
Start importing Assets/rouge.prefab using Guid(3e7b017a90ea994468859756d46f946b) Importer(815301076,1909f56bfc062723c751e8b465ee728b)  -> (artifact id: '379055bedfca07dde60877c37a47499e') in 0.008036 seconds 
  Import took 0.011730 seconds .

========================================================================
Received Import Request.
  Time since last request: 0.004840 seconds.
  path: Assets/rouge.prefab
  artifactKey: Guid(3e7b017a90ea994468859756d46f946b) Importer(815301076,1909f56bfc062723c751e8b465ee728b)
Start importing Assets/rouge.prefab using Guid(3e7b017a90ea994468859756d46f946b) Importer(815301076,1909f56bfc062723c751e8b465ee728b)  -> (artifact id: '379055bedfca07dde60877c37a47499e') in 0.007876 seconds 
  Import took 0.011028 seconds .

========================================================================
Received Prepare
Refreshing native plugins compatible for Editor in 2.60 ms, found 2 plugins.
Preloading 0 native plugins for Editor in 0.00 ms.
Unloading 12 Unused Serialized files (Serialized files now loaded: 0)
System memory in use before: 59.6 MB.
System memory in use after: 59.7 MB.

Unloading 14 unused Assets to reduce memory usage. Loaded Objects now: 2259.
Total: 4.257300 ms (FindLiveObjects: 0.177400 ms CreateObjectMapping: 0.061500 ms MarkObjects: 3.955400 ms  DeleteObjects: 0.061800 ms)

AssetImportParameters requested are different than current active one (requested -> active):
  custom:framework-win-MediaFoundation: 216162199b28c13a410421893ffa2e32 -> 
  custom:video-decoder-ogg-theora: a1e56fd34408186e4bbccfd4996cb3dc -> 
  custom:container-muxer-webm: aa71ff27fc2769a1b78a27578f13a17b -> 
  custom:container-demuxer-webm: 4f35f7cbe854078d1ac9338744f61a02 -> 
  custom:container-demuxer-ogg: 62fdf1f143b41e24485cea50d1cbac27 -> 
  custom:video-encoder-webm-vp8: eb34c28f22e8b96e1ab97ce403110664 -> 
  custom:video-decoder-webm-vp8: 9c59270c3fd7afecdb556c50c9e8de78 -> 
  custom:audio-decoder-ogg-vorbis: bf7c407c2cedff20999df2af8eb42d56 -> 
  custom:audio-encoder-webm-vorbis: bf7c407c2cedff20999df2af8eb42d56 -> 
========================================================================
Received Import Request.
  Time since last request: 143.414852 seconds.
  path: Assets/rouge.prefab
  artifactKey: Guid(3e7b017a90ea994468859756d46f946b) Importer(815301076,1909f56bfc062723c751e8b465ee728b)
Start importing Assets/rouge.prefab using Guid(3e7b017a90ea994468859756d46f946b) Importer(815301076,1909f56bfc062723c751e8b465ee728b)  -> (artifact id: 'be5006cd294c797edf95a2d38e1ac82a') in 0.009348 seconds 
  Import took 0.013657 seconds .

========================================================================
Received Import Request.
  Time since last request: 0.002422 seconds.
  path: Assets/rouge.prefab
  artifactKey: Guid(3e7b017a90ea994468859756d46f946b) Importer(815301076,1909f56bfc062723c751e8b465ee728b)
Start importing Assets/rouge.prefab using Guid(3e7b017a90ea994468859756d46f946b) Importer(815301076,1909f56bfc062723c751e8b465ee728b)  -> (artifact id: 'be5006cd294c797edf95a2d38e1ac82a') in 0.007507 seconds 
  Import took 0.011999 seconds .

========================================================================
Received Prepare
Refreshing native plugins compatible for Editor in 2.69 ms, found 2 plugins.
Preloading 0 native plugins for Editor in 0.00 ms.
Unloading 12 Unused Serialized files (Serialized files now loaded: 0)
System memory in use before: 59.6 MB.
System memory in use after: 59.7 MB.

Unloading 12 unused Assets to reduce memory usage. Loaded Objects now: 2259.
Total: 2.643700 ms (FindLiveObjects: 0.215100 ms CreateObjectMapping: 0.085000 ms MarkObjects: 2.283800 ms  DeleteObjects: 0.058500 ms)

AssetImportParameters requested are different than current active one (requested -> active):
  custom:framework-win-MediaFoundation: 216162199b28c13a410421893ffa2e32 -> 
  custom:video-decoder-ogg-theora: a1e56fd34408186e4bbccfd4996cb3dc -> 
  custom:container-muxer-webm: aa71ff27fc2769a1b78a27578f13a17b -> 
  custom:container-demuxer-webm: 4f35f7cbe854078d1ac9338744f61a02 -> 
  custom:container-demuxer-ogg: 62fdf1f143b41e24485cea50d1cbac27 -> 
  custom:video-encoder-webm-vp8: eb34c28f22e8b96e1ab97ce403110664 -> 
  custom:video-decoder-webm-vp8: 9c59270c3fd7afecdb556c50c9e8de78 -> 
  custom:audio-decoder-ogg-vorbis: bf7c407c2cedff20999df2af8eb42d56 -> 
  custom:audio-encoder-webm-vorbis: bf7c407c2cedff20999df2af8eb42d56 -> 
========================================================================
Received Prepare
Refreshing native plugins compatible for Editor in 2.44 ms, found 2 plugins.
Preloading 0 native plugins for Editor in 0.00 ms.
Unloading 12 Unused Serialized files (Serialized files now loaded: 0)
System memory in use before: 59.6 MB.
System memory in use after: 59.7 MB.

Unloading 12 unused Assets to reduce memory usage. Loaded Objects now: 2259.
Total: 2.471800 ms (FindLiveObjects: 0.173100 ms CreateObjectMapping: 0.061700 ms MarkObjects: 2.191100 ms  DeleteObjects: 0.045000 ms)

AssetImportParameters requested are different than current active one (requested -> active):
  custom:framework-win-MediaFoundation: 216162199b28c13a410421893ffa2e32 -> 
  custom:video-decoder-ogg-theora: a1e56fd34408186e4bbccfd4996cb3dc -> 
  custom:container-muxer-webm: aa71ff27fc2769a1b78a27578f13a17b -> 
  custom:container-demuxer-webm: 4f35f7cbe854078d1ac9338744f61a02 -> 
  custom:container-demuxer-ogg: 62fdf1f143b41e24485cea50d1cbac27 -> 
  custom:video-encoder-webm-vp8: eb34c28f22e8b96e1ab97ce403110664 -> 
  custom:video-decoder-webm-vp8: 9c59270c3fd7afecdb556c50c9e8de78 -> 
  custom:audio-decoder-ogg-vorbis: bf7c407c2cedff20999df2af8eb42d56 -> 
  custom:audio-encoder-webm-vorbis: bf7c407c2cedff20999df2af8eb42d56 -> 
========================================================================
Received Import Request.
  Time since last request: 176.798960 seconds.
  path: Assets/CharizardMegaX.FBX
  artifactKey: Guid(62a2ef271bc43b040a584385a3ec0f3b) Importer(815301076,1909f56bfc062723c751e8b465ee728b)
Start importing Assets/CharizardMegaX.FBX using Guid(62a2ef271bc43b040a584385a3ec0f3b) Importer(815301076,1909f56bfc062723c751e8b465ee728b)  -> (artifact id: '5b19bd160bc1dc78049ddbed9186ebdb') in 0.117835 seconds 
  Import took 0.125505 seconds .

========================================================================
Received Import Request.
  Time since last request: 34.175774 seconds.
  path: Assets/Charizard_ColladaMax.DAE
  artifactKey: Guid(ad572f9ae159bbe4da3fdf02d9924ed8) Importer(815301076,1909f56bfc062723c751e8b465ee728b)
Start importing Assets/Charizard_ColladaMax.DAE using Guid(ad572f9ae159bbe4da3fdf02d9924ed8) Importer(815301076,1909f56bfc062723c751e8b465ee728b)  -> (artifact id: 'f76971e0df7cd7389e0198650972c29c') in 0.059100 seconds 
  Import took 0.064004 seconds .

========================================================================
Received Import Request.
  Time since last request: 136.338096 seconds.
  path: Assets/Charizard.obj
  artifactKey: Guid(41e2f290a8e14ed4eadd3ae2d568d1ed) Importer(815301076,1909f56bfc062723c751e8b465ee728b)
Start importing Assets/Charizard.obj using Guid(41e2f290a8e14ed4eadd3ae2d568d1ed) Importer(815301076,1909f56bfc062723c751e8b465ee728b)  -> (artifact id: 'f1c2e7e08b01f772805e5ecf7b4dc96f') in 0.086546 seconds 
  Import took 0.090885 seconds .

========================================================================
Received Import Request.
  Time since last request: 78.361655 seconds.
  path: Assets/rouge.prefab
  artifactKey: Guid(3e7b017a90ea994468859756d46f946b) Importer(815301076,1909f56bfc062723c751e8b465ee728b)
Start importing Assets/rouge.prefab using Guid(3e7b017a90ea994468859756d46f946b) Importer(815301076,1909f56bfc062723c751e8b465ee728b)  -> (artifact id: 'df447ccc9c2c7b44290fff23f69a7b0f') in 0.010619 seconds 
  Import took 0.014019 seconds .

========================================================================
Received Import Request.
  Time since last request: 0.783392 seconds.
  path: Assets/rouge.prefab
  artifactKey: Guid(3e7b017a90ea994468859756d46f946b) Importer(815301076,1909f56bfc062723c751e8b465ee728b)
Start importing Assets/rouge.prefab using Guid(3e7b017a90ea994468859756d46f946b) Importer(815301076,1909f56bfc062723c751e8b465ee728b)  -> (artifact id: '034bf1bb66e06dcd8914eddb414fac6c') in 0.008201 seconds 
  Import took 0.011233 seconds .

========================================================================
Received Import Request.
  Time since last request: 0.188320 seconds.
  path: Assets/rouge.prefab
  artifactKey: Guid(3e7b017a90ea994468859756d46f946b) Importer(815301076,1909f56bfc062723c751e8b465ee728b)
Start importing Assets/rouge.prefab using Guid(3e7b017a90ea994468859756d46f946b) Importer(815301076,1909f56bfc062723c751e8b465ee728b)  -> (artifact id: 'c46e1af14283d7f8e80eecf23e11442a') in 0.009056 seconds 
  Import took 0.012297 seconds .

========================================================================
Received Import Request.
  Time since last request: 2.408443 seconds.
  path: Assets/rouge.prefab
  artifactKey: Guid(3e7b017a90ea994468859756d46f946b) Importer(815301076,1909f56bfc062723c751e8b465ee728b)
Start importing Assets/rouge.prefab using Guid(3e7b017a90ea994468859756d46f946b) Importer(815301076,1909f56bfc062723c751e8b465ee728b)  -> (artifact id: 'd67f82b972598b5fc4b4c7ccb6eca4e9') in 0.007414 seconds 
  Import took 0.010473 seconds .

========================================================================
Received Import Request.
  Time since last request: 0.394255 seconds.
  path: Assets/rouge.prefab
  artifactKey: Guid(3e7b017a90ea994468859756d46f946b) Importer(815301076,1909f56bfc062723c751e8b465ee728b)
Start importing Assets/rouge.prefab using Guid(3e7b017a90ea994468859756d46f946b) Importer(815301076,1909f56bfc062723c751e8b465ee728b)  -> (artifact id: '47aab7d30854b5a58dee5249eb929861') in 0.007501 seconds 
  Import took 0.011454 seconds .

========================================================================
Received Import Request.
  Time since last request: 1.804548 seconds.
  path: Assets/rouge.prefab
  artifactKey: Guid(3e7b017a90ea994468859756d46f946b) Importer(815301076,1909f56bfc062723c751e8b465ee728b)
Start importing Assets/rouge.prefab using Guid(3e7b017a90ea994468859756d46f946b) Importer(815301076,1909f56bfc062723c751e8b465ee728b)  -> (artifact id: 'df7acf1cd56bbc92c955469a389419f9') in 0.008510 seconds 
  Import took 0.011796 seconds .

========================================================================
Received Prepare
Refreshing native plugins compatible for Editor in 3.02 ms, found 2 plugins.
Preloading 0 native plugins for Editor in 0.00 ms.
Unloading 12 Unused Serialized files (Serialized files now loaded: 0)
System memory in use before: 59.6 MB.
System memory in use after: 59.7 MB.

Unloading 12 unused Assets to reduce memory usage. Loaded Objects now: 2259.
Total: 3.454100 ms (FindLiveObjects: 0.171400 ms CreateObjectMapping: 0.062300 ms MarkObjects: 3.161200 ms  DeleteObjects: 0.058400 ms)

AssetImportParameters requested are different than current active one (requested -> active):
  custom:framework-win-MediaFoundation: 216162199b28c13a410421893ffa2e32 -> 
  custom:video-decoder-ogg-theora: a1e56fd34408186e4bbccfd4996cb3dc -> 
  custom:container-muxer-webm: aa71ff27fc2769a1b78a27578f13a17b -> 
  custom:container-demuxer-webm: 4f35f7cbe854078d1ac9338744f61a02 -> 
  custom:container-demuxer-ogg: 62fdf1f143b41e24485cea50d1cbac27 -> 
  custom:video-encoder-webm-vp8: eb34c28f22e8b96e1ab97ce403110664 -> 
  custom:video-decoder-webm-vp8: 9c59270c3fd7afecdb556c50c9e8de78 -> 
  custom:audio-decoder-ogg-vorbis: bf7c407c2cedff20999df2af8eb42d56 -> 
  custom:audio-encoder-webm-vorbis: bf7c407c2cedff20999df2af8eb42d56 -> 
========================================================================
Received Import Request.
  Time since last request: 118.783491 seconds.
  path: Assets/rouge.prefab
  artifactKey: Guid(3e7b017a90ea994468859756d46f946b) Importer(815301076,1909f56bfc062723c751e8b465ee728b)
Start importing Assets/rouge.prefab using Guid(3e7b017a90ea994468859756d46f946b) Importer(815301076,1909f56bfc062723c751e8b465ee728b)  -> (artifact id: 'f914688c2e934219af2c07b915f86127') in 0.011323 seconds 
  Import took 0.015067 seconds .

========================================================================
Received Import Request.
  Time since last request: 2.395637 seconds.
  path: Assets/rouge.prefab
  artifactKey: Guid(3e7b017a90ea994468859756d46f946b) Importer(815301076,1909f56bfc062723c751e8b465ee728b)
Start importing Assets/rouge.prefab using Guid(3e7b017a90ea994468859756d46f946b) Importer(815301076,1909f56bfc062723c751e8b465ee728b)  -> (artifact id: 'f2a3d6df11b4d7dbfe4405574bbdcc94') in 0.009584 seconds 
  Import took 0.013727 seconds .

========================================================================
Received Import Request.
  Time since last request: 4.231040 seconds.
  path: Assets/rouge.prefab
  artifactKey: Guid(3e7b017a90ea994468859756d46f946b) Importer(815301076,1909f56bfc062723c751e8b465ee728b)
Start importing Assets/rouge.prefab using Guid(3e7b017a90ea994468859756d46f946b) Importer(815301076,1909f56bfc062723c751e8b465ee728b)  -> (artifact id: 'e9fbcdf7b63960d4e49906708ef95c97') in 0.007292 seconds 
  Import took 0.010502 seconds .

========================================================================
Received Import Request.
  Time since last request: 0.790475 seconds.
  path: Assets/rouge.prefab
  artifactKey: Guid(3e7b017a90ea994468859756d46f946b) Importer(815301076,1909f56bfc062723c751e8b465ee728b)
Start importing Assets/rouge.prefab using Guid(3e7b017a90ea994468859756d46f946b) Importer(815301076,1909f56bfc062723c751e8b465ee728b)  -> (artifact id: '7744e4dc45eb9647d8a4343de92179c7') in 0.009000 seconds 
  Import took 0.013262 seconds .

========================================================================
Received Import Request.
  Time since last request: 0.995970 seconds.
  path: Assets/rouge.prefab
  artifactKey: Guid(3e7b017a90ea994468859756d46f946b) Importer(815301076,1909f56bfc062723c751e8b465ee728b)
Start importing Assets/rouge.prefab using Guid(3e7b017a90ea994468859756d46f946b) Importer(815301076,1909f56bfc062723c751e8b465ee728b)  -> (artifact id: '9924dce9ce02808c1c60e7237618da6e') in 0.008372 seconds 
  Import took 0.012163 seconds .

========================================================================
Received Import Request.
  Time since last request: 0.606250 seconds.
  path: Assets/rouge.prefab
  artifactKey: Guid(3e7b017a90ea994468859756d46f946b) Importer(815301076,1909f56bfc062723c751e8b465ee728b)
Start importing Assets/rouge.prefab using Guid(3e7b017a90ea994468859756d46f946b) Importer(815301076,1909f56bfc062723c751e8b465ee728b)  -> (artifact id: 'b44833c068245908e6cc885cbc88746a') in 0.007832 seconds 
  Import took 0.012005 seconds .

========================================================================
Received Import Request.
  Time since last request: 21.392306 seconds.
  path: Assets/rouge.prefab
  artifactKey: Guid(3e7b017a90ea994468859756d46f946b) Importer(815301076,1909f56bfc062723c751e8b465ee728b)
Start importing Assets/rouge.prefab using Guid(3e7b017a90ea994468859756d46f946b) Importer(815301076,1909f56bfc062723c751e8b465ee728b)  -> (artifact id: '2c77c20ef614e8bf9319fa58ebe18a44') in 0.008892 seconds 
  Import took 0.012698 seconds .

========================================================================
Received Import Request.
  Time since last request: 9.669578 seconds.
  path: Assets/rouge.prefab
  artifactKey: Guid(3e7b017a90ea994468859756d46f946b) Importer(815301076,1909f56bfc062723c751e8b465ee728b)
Start importing Assets/rouge.prefab using Guid(3e7b017a90ea994468859756d46f946b) Importer(815301076,1909f56bfc062723c751e8b465ee728b)  -> (artifact id: '531e74380307e28a4a6035dffb78bc62') in 0.008783 seconds 
  Import took 0.012555 seconds .

========================================================================
Received Import Request.
  Time since last request: 32.907783 seconds.
  path: Assets/rouge.prefab
  artifactKey: Guid(3e7b017a90ea994468859756d46f946b) Importer(815301076,1909f56bfc062723c751e8b465ee728b)
Start importing Assets/rouge.prefab using Guid(3e7b017a90ea994468859756d46f946b) Importer(815301076,1909f56bfc062723c751e8b465ee728b)  -> (artifact id: '97b618cb572f8ba9b475692ab12e6125') in 0.008654 seconds 
  Import took 0.012024 seconds .

========================================================================
Received Prepare
Refreshing native plugins compatible for Editor in 1.89 ms, found 2 plugins.
Preloading 0 native plugins for Editor in 0.00 ms.
Unloading 12 Unused Serialized files (Serialized files now loaded: 0)
System memory in use before: 59.7 MB.
System memory in use after: 59.8 MB.

Unloading 12 unused Assets to reduce memory usage. Loaded Objects now: 2259.
Total: 2.156400 ms (FindLiveObjects: 0.171100 ms CreateObjectMapping: 0.057800 ms MarkObjects: 1.883400 ms  DeleteObjects: 0.043000 ms)

AssetImportParameters requested are different than current active one (requested -> active):
  custom:framework-win-MediaFoundation: 216162199b28c13a410421893ffa2e32 -> 
  custom:video-decoder-ogg-theora: a1e56fd34408186e4bbccfd4996cb3dc -> 
  custom:container-muxer-webm: aa71ff27fc2769a1b78a27578f13a17b -> 
  custom:container-demuxer-webm: 4f35f7cbe854078d1ac9338744f61a02 -> 
  custom:container-demuxer-ogg: 62fdf1f143b41e24485cea50d1cbac27 -> 
  custom:video-encoder-webm-vp8: eb34c28f22e8b96e1ab97ce403110664 -> 
  custom:video-decoder-webm-vp8: 9c59270c3fd7afecdb556c50c9e8de78 -> 
  custom:audio-decoder-ogg-vorbis: bf7c407c2cedff20999df2af8eb42d56 -> 
  custom:audio-encoder-webm-vorbis: bf7c407c2cedff20999df2af8eb42d56 -> 
========================================================================
Received Import Request.
  Time since last request: 108.527089 seconds.
  path: Assets/Pikachu.fbx
  artifactKey: Guid(8fce966c9b0a3e4439cadb315a399b3e) Importer(815301076,1909f56bfc062723c751e8b465ee728b)
Start importing Assets/Pikachu.fbx using Guid(8fce966c9b0a3e4439cadb315a399b3e) Importer(815301076,1909f56bfc062723c751e8b465ee728b)  -> (artifact id: 'da078093630c994c881a7200d5e0b08f') in 0.054460 seconds 
  Import took 0.059361 seconds .

========================================================================
Received Import Request.
  Time since last request: 5.160489 seconds.
  path: Assets/Pikachu.fbx
  artifactKey: Guid(8fce966c9b0a3e4439cadb315a399b3e) Importer(815301076,1909f56bfc062723c751e8b465ee728b)
Start importing Assets/Pikachu.fbx using Guid(8fce966c9b0a3e4439cadb315a399b3e) Importer(815301076,1909f56bfc062723c751e8b465ee728b)  -> (artifact id: '05a90d7c549fca4d086296637dad780d') in 0.049170 seconds 
  Import took 0.053407 seconds .

========================================================================
Received Import Request.
  Time since last request: 3.148466 seconds.
  path: Assets/Pikachu.fbx
  artifactKey: Guid(8fce966c9b0a3e4439cadb315a399b3e) Importer(815301076,1909f56bfc062723c751e8b465ee728b)
Start importing Assets/Pikachu.fbx using Guid(8fce966c9b0a3e4439cadb315a399b3e) Importer(815301076,1909f56bfc062723c751e8b465ee728b)  -> (artifact id: '06f085b61750bde90dc0398c27aad1eb') in 0.045762 seconds 
  Import took 0.051082 seconds .

========================================================================
Received Prepare
Refreshing native plugins compatible for Editor in 2.48 ms, found 2 plugins.
Preloading 0 native plugins for Editor in 0.00 ms.
Unloading 12 Unused Serialized files (Serialized files now loaded: 0)
System memory in use before: 59.6 MB.
System memory in use after: 59.7 MB.

Unloading 12 unused Assets to reduce memory usage. Loaded Objects now: 2259.
Total: 4.937000 ms (FindLiveObjects: 0.397200 ms CreateObjectMapping: 0.208200 ms MarkObjects: 4.264000 ms  DeleteObjects: 0.065500 ms)

AssetImportParameters requested are different than current active one (requested -> active):
  custom:framework-win-MediaFoundation: 216162199b28c13a410421893ffa2e32 -> 
  custom:video-decoder-ogg-theora: a1e56fd34408186e4bbccfd4996cb3dc -> 
  custom:container-muxer-webm: aa71ff27fc2769a1b78a27578f13a17b -> 
  custom:container-demuxer-webm: 4f35f7cbe854078d1ac9338744f61a02 -> 
  custom:container-demuxer-ogg: 62fdf1f143b41e24485cea50d1cbac27 -> 
  custom:video-encoder-webm-vp8: eb34c28f22e8b96e1ab97ce403110664 -> 
  custom:video-decoder-webm-vp8: 9c59270c3fd7afecdb556c50c9e8de78 -> 
  custom:audio-decoder-ogg-vorbis: bf7c407c2cedff20999df2af8eb42d56 -> 
  custom:audio-encoder-webm-vorbis: bf7c407c2cedff20999df2af8eb42d56 -> 
========================================================================
Received Import Request.
  Time since last request: 119.137305 seconds.
  path: Assets/Pikachu.fbx
  artifactKey: Guid(8fce966c9b0a3e4439cadb315a399b3e) Importer(815301076,1909f56bfc062723c751e8b465ee728b)
Start importing Assets/Pikachu.fbx using Guid(8fce966c9b0a3e4439cadb315a399b3e) Importer(815301076,1909f56bfc062723c751e8b465ee728b)  -> (artifact id: 'c1e3f5461d0f2c089acf826902360ebd') in 0.045575 seconds 
  Import took 0.051214 seconds .

========================================================================
Received Prepare
Refreshing native plugins compatible for Editor in 1.82 ms, found 2 plugins.
Preloading 0 native plugins for Editor in 0.00 ms.
Unloading 12 Unused Serialized files (Serialized files now loaded: 0)
System memory in use before: 59.6 MB.
System memory in use after: 59.7 MB.

Unloading 12 unused Assets to reduce memory usage. Loaded Objects now: 2259.
Total: 2.706800 ms (FindLiveObjects: 0.174400 ms CreateObjectMapping: 0.104800 ms MarkObjects: 2.382600 ms  DeleteObjects: 0.044200 ms)

AssetImportParameters requested are different than current active one (requested -> active):
  custom:framework-win-MediaFoundation: 216162199b28c13a410421893ffa2e32 -> 
  custom:video-decoder-ogg-theora: a1e56fd34408186e4bbccfd4996cb3dc -> 
  custom:container-muxer-webm: aa71ff27fc2769a1b78a27578f13a17b -> 
  custom:container-demuxer-webm: 4f35f7cbe854078d1ac9338744f61a02 -> 
  custom:container-demuxer-ogg: 62fdf1f143b41e24485cea50d1cbac27 -> 
  custom:video-encoder-webm-vp8: eb34c28f22e8b96e1ab97ce403110664 -> 
  custom:video-decoder-webm-vp8: 9c59270c3fd7afecdb556c50c9e8de78 -> 
  custom:audio-decoder-ogg-vorbis: bf7c407c2cedff20999df2af8eb42d56 -> 
  custom:audio-encoder-webm-vorbis: bf7c407c2cedff20999df2af8eb42d56 -> 
